# JRE version: Java(TM) SE Runtime Environment (8.0_281-b09) (build 1.8.0_281-b09)
# Java VM: Java HotSpot(TM) 64-Bit Server VM (25.281-b09 mixed mode windows-amd64 compressed oops)
Heap:
 PSYoungGen      total 51200K, used 19069K [0x00000000d6000000, 0x00000000d9c00000, 0x0000000100000000)
  eden space 43008K, 44% used [0x00000000d6000000,0x00000000d729f760,0x00000000d8a00000)
  from space 8192K, 0% used [0x00000000d9400000,0x00000000d9400000,0x00000000d9c00000)
  to   space 9216K, 0% used [0x00000000d8a00000,0x00000000d8a00000,0x00000000d9300000)
 ParOldGen       total 60928K, used 56606K [0x0000000082000000, 0x0000000085b80000, 0x00000000d6000000)
  object space 60928K, 92% used [0x0000000082000000,0x0000000085747948,0x0000000085b80000)
 Metaspace       used 24478K, capacity 25590K, committed 25728K, reserved 1071104K
  class space    used 3080K, capacity 3379K, committed 3456K, reserved 1048576K
GC Heap History (10 events):
Event: 65.558 GC heap before
{Heap before GC invocations=7 (full 1):
 PSYoungGen      total 37888K, used 35753K [0x00000000d6000000, 0x00000000d9f80000, 0x0000000100000000)
  eden space 32768K, 100% used [0x00000000d6000000,0x00000000d8000000,0x00000000d8000000)
  from space 5120K, 58% used [0x00000000d8000000,0x00000000d82ea400,0x00000000d8500000)
  to   space 9216K, 0% used [0x00000000d9680000,0x00000000d9680000,0x00000000d9f80000)
 ParOldGen       total 60928K, used 23647K [0x0000000082000000, 0x0000000085b80000, 0x00000000d6000000)
  object space 60928K, 38% used [0x0000000082000000,0x0000000083717fe0,0x0000000085b80000)
 Metaspace       used 24089K, capacity 25172K, committed 25344K, reserved 1071104K
  class space    used 3061K, capacity 3308K, committed 3328K, reserved 1048576K
Event: 65.563 GC heap after
Heap after GC invocations=7 (full 1):
 PSYoungGen      total 52736K, used 2509K [0x00000000d6000000, 0x00000000d9e80000, 0x0000000100000000)
  eden space 44544K, 0% used [0x00000000d6000000,0x00000000d6000000,0x00000000d8b80000)
  from space 8192K, 30% used [0x00000000d9680000,0x00000000d98f3530,0x00000000d9e80000)
  to   space 9728K, 0% used [0x00000000d8b80000,0x00000000d8b80000,0x00000000d9500000)
 ParOldGen       total 60928K, used 23655K [0x0000000082000000, 0x0000000085b80000, 0x00000000d6000000)
  object space 60928K, 38% used [0x0000000082000000,0x0000000083719fe0,0x0000000085b80000)
 Metaspace       used 24089K, capacity 25172K, committed 25344K, reserved 1071104K
  class space    used 3061K, capacity 3308K, committed 3328K, reserved 1048576K
}
Event: 171.227 GC heap before
{Heap before GC invocations=8 (full 1):
 PSYoungGen      total 52736K, used 47053K [0x00000000d6000000, 0x00000000d9e80000, 0x0000000100000000)
  eden space 44544K, 100% used [0x00000000d6000000,0x00000000d8b80000,0x00000000d8b80000)
  from space 8192K, 30% used [0x00000000d9680000,0x00000000d98f3530,0x00000000d9e80000)
  to   space 9728K, 0% used [0x00000000d8b80000,0x00000000d8b80000,0x00000000d9500000)
 ParOldGen       total 60928K, used 23655K [0x0000000082000000, 0x0000000085b80000, 0x00000000d6000000)
  object space 60928K, 38% used [0x0000000082000000,0x0000000083719fe0,0x0000000085b80000)
 Metaspace       used 24197K, capacity 25268K, committed 25472K, reserved 1071104K
  class space    used 3063K, capacity 3340K, committed 3456K, reserved 1048576K
Event: 171.251 GC heap after
Heap after GC invocations=8 (full 1):
 PSYoungGen      total 45568K, used 1905K [0x00000000d6000000, 0x00000000d9d80000, 0x0000000100000000)
  eden space 43520K, 0% used [0x00000000d6000000,0x00000000d6000000,0x00000000d8a80000)
  from space 2048K, 93% used [0x00000000d8b80000,0x00000000d8d5c7f0,0x00000000d8d80000)
  to   space 9728K, 0% used [0x00000000d9400000,0x00000000d9400000,0x00000000d9d80000)
 ParOldGen       total 60928K, used 40047K [0x0000000082000000, 0x0000000085b80000, 0x00000000d6000000)
  object space 60928K, 65% used [0x0000000082000000,0x000000008471bff0,0x0000000085b80000)
 Metaspace       used 24197K, capacity 25268K, committed 25472K, reserved 1071104K
  class space    used 3063K, capacity 3340K, committed 3456K, reserved 1048576K
}
Event: 303.372 GC heap before
{Heap before GC invocations=9 (full 1):
 PSYoungGen      total 45568K, used 45425K [0x00000000d6000000, 0x00000000d9d80000, 0x0000000100000000)
  eden space 43520K, 100% used [0x00000000d6000000,0x00000000d8a80000,0x00000000d8a80000)
  from space 2048K, 93% used [0x00000000d8b80000,0x00000000d8d5c7f0,0x00000000d8d80000)
  to   space 9728K, 0% used [0x00000000d9400000,0x00000000d9400000,0x00000000d9d80000)
 ParOldGen       total 60928K, used 40047K [0x0000000082000000, 0x0000000085b80000, 0x00000000d6000000)
  object space 60928K, 65% used [0x0000000082000000,0x000000008471bff0,0x0000000085b80000)
 Metaspace       used 24369K, capacity 25418K, committed 25728K, reserved 1071104K
  class space    used 3070K, capacity 3343K, committed 3456K, reserved 1048576K
Event: 303.395 GC heap after
Heap after GC invocations=9 (full 1):
 PSYoungGen      total 51200K, used 2315K [0x00000000d6000000, 0x00000000d9c00000, 0x0000000100000000)
  eden space 43008K, 0% used [0x00000000d6000000,0x00000000d6000000,0x00000000d8a00000)
  from space 8192K, 28% used [0x00000000d9400000,0x00000000d9642cd0,0x00000000d9c00000)
  to   space 9216K, 0% used [0x00000000d8a00000,0x00000000d8a00000,0x00000000d9300000)
 ParOldGen       total 60928K, used 56440K [0x0000000082000000, 0x0000000085b80000, 0x00000000d6000000)
  object space 60928K, 92% used [0x0000000082000000,0x000000008571e000,0x0000000085b80000)
 Metaspace       used 24369K, capacity 25418K, committed 25728K, reserved 1071104K
  class space    used 3070K, capacity 3343K, committed 3456K, reserved 1048576K
}
Event: 303.395 GC heap before
{Heap before GC invocations=10 (full 2):
 PSYoungGen      total 51200K, used 2315K [0x00000000d6000000, 0x00000000d9c00000, 0x0000000100000000)
  eden space 43008K, 0% used [0x00000000d6000000,0x00000000d6000000,0x00000000d8a00000)
  from space 8192K, 28% used [0x00000000d9400000,0x00000000d9642cd0,0x00000000d9c00000)
  to   space 9216K, 0% used [0x00000000d8a00000,0x00000000d8a00000,0x00000000d9300000)
 ParOldGen       total 60928K, used 56440K [0x0000000082000000, 0x0000000085b80000, 0x00000000d6000000)
  object space 60928K, 92% used [0x0000000082000000,0x000000008571e000,0x0000000085b80000)
 Metaspace       used 24369K, capacity 25418K, committed 25728K, reserved 1071104K
  class space    used 3070K, capacity 3343K, committed 3456K, reserved 1048576K
Event: 303.463 GC heap after
Heap after GC invocations=10 (full 2):
 PSYoungGen      total 51200K, used 0K [0x00000000d6000000, 0x00000000d9c00000, 0x0000000100000000)
  eden space 43008K, 0% used [0x00000000d6000000,0x00000000d6000000,0x00000000d8a00000)
  from space 8192K, 0% used [0x00000000d9400000,0x00000000d9400000,0x00000000d9c00000)
  to   space 9216K, 0% used [0x00000000d8a00000,0x00000000d8a00000,0x00000000d9300000)
 ParOldGen       total 60928K, used 56712K [0x0000000082000000, 0x0000000085b80000, 0x00000000d6000000)
  object space 60928K, 93% used [0x0000000082000000,0x0000000085762088,0x0000000085b80000)
 Metaspace       used 24369K, capacity 25418K, committed 25728K, reserved 1071104K
  class space    used 3070K, capacity 3343K, committed 3456K, reserved 1048576K
}
Event: 506.885 GC heap before
{Heap before GC invocations=11 (full 3):
 PSYoungGen      total 51200K, used 28801K [0x00000000d6000000, 0x00000000d9c00000, 0x0000000100000000)
  eden space 43008K, 66% used [0x00000000d6000000,0x00000000d7c20410,0x00000000d8a00000)
  from space 8192K, 0% used [0x00000000d9400000,0x00000000d9400000,0x00000000d9c00000)
  to   space 9216K, 0% used [0x00000000d8a00000,0x00000000d8a00000,0x00000000d9300000)
 ParOldGen       total 60928K, used 56712K [0x0000000082000000, 0x0000000085b80000, 0x00000000d6000000)
  object space 60928K, 93% used [0x0000000082000000,0x0000000085762088,0x0000000085b80000)
 Metaspace       used 24449K, capacity 25590K, committed 25728K, reserved 1071104K
  class space    used 3080K, capacity 3379K, committed 3456K, reserved 1048576K
Event: 506.974 GC heap after
Heap after GC invocations=11 (full 3):
 PSYoungGen      total 51200K, used 0K [0x00000000d6000000, 0x00000000d9c00000, 0x0000000100000000)
  eden space 43008K, 0% used [0x00000000d6000000,0x00000000d6000000,0x00000000d8a00000)
  from space 8192K, 0% used [0x00000000d9400000,0x00000000d9400000,0x00000000d9c00000)
  to   space 9216K, 0% used [0x00000000d8a00000,0x00000000d8a00000,0x00000000d9300000)
 ParOldGen       total 60928K, used 56606K [0x0000000082000000, 0x0000000085b80000, 0x00000000d6000000)
  object space 60928K, 92% used [0x0000000082000000,0x0000000085747948,0x0000000085b80000)
 Metaspace       used 24449K, capacity 25590K, committed 25728K, reserved 1071104K
  class space    used 3080K, capacity 3379K, committed 3456K, reserved 1048576K
}

